<?xml version="1.0" encoding="UTF-8" standalone="no"?><testsuites><testsuite errors="0" failures="0" hostname="3232BDC0059900EC_samsung_GT-I9000" name="com.octo.android.rest.client.test" tests="13" time="17,7980" timestamp="Fri Jul 27 09:40:05 CEST 2012"><properties><property name="java.runtime.name" value="Java(TM) SE Runtime Environment"/><property name="sun.boot.library.path" value="/System/Library/Java/JavaVirtualMachines/1.6.0.jdk/Contents/Libraries"/><property name="java.vm.version" value="20.8-b03-424"/><property name="awt.nativeDoubleBuffering" value="true"/><property name="gopherProxySet" value="false"/><property name="mrj.build" value="11M3720"/><property name="java.vm.vendor" value="Apple Inc."/><property name="java.vendor.url" value="http://www.apple.com/"/><property name="guice.disable.misplaced.annotation.check" value="true"/><property name="path.separator" value=":"/><property name="java.vm.name" value="Java HotSpot(TM) 64-Bit Server VM"/><property name="file.encoding.pkg" value="sun.io"/><property name="sun.java.launcher" value="SUN_STANDARD"/><property name="user.country" value="FR"/><property name="sun.os.patch.level" value="unknown"/><property name="java.vm.specification.name" value="Java Virtual Machine Specification"/><property name="user.dir" value="/Users/stephanenicolas/git/OctoAndroidRestClient/android.rest.client-parent"/><property name="java.runtime.version" value="1.6.0_33-b03-424-11M3720"/><property name="java.awt.graphicsenv" value="apple.awt.CGraphicsEnvironment"/><property name="java.endorsed.dirs" value="/System/Library/Java/JavaVirtualMachines/1.6.0.jdk/Contents/Home/lib/endorsed"/><property name="os.arch" value="x86_64"/><property name="java.io.tmpdir" value="/var/folders/l_/wf1z9r_n6w74xj183l9788t80000gn/T/"/><property name="line.separator" value="&#10;"/><property name="java.vm.specification.vendor" value="Sun Microsystems Inc."/><property name="os.name" value="Mac OS X"/><property name="classworlds.conf" value="/opt/local/share/java/maven3/bin/m2.conf"/><property name="sun.jnu.encoding" value="MacRoman"/><property name="java.library.path" value=".:/Library/Java/Extensions:/System/Library/Java/Extensions:/usr/lib/java"/><property name="java.specification.name" value="Java Platform API Specification"/><property name="java.class.version" value="50.0"/><property name="sun.management.compiler" value="HotSpot 64-Bit Tiered Compilers"/><property name="os.version" value="10.7.4"/><property name="http.nonProxyHosts" value="local|*.local|169.254/16|*.169.254/16"/><property name="user.home" value="/Users/stephanenicolas"/><property name="user.timezone" value="Europe/Paris"/><property name="java.awt.printerjob" value="apple.awt.CPrinterJob"/><property name="file.encoding" value="MacRoman"/><property name="java.specification.version" value="1.6"/><property name="java.class.path" value="/opt/local/share/java/maven3/boot/plexus-classworlds-2.4.jar"/><property name="user.name" value="stephanenicolas"/><property name="java.vm.specification.version" value="1.0"/><property name="sun.java.command" value="org.codehaus.plexus.classworlds.launcher.Launcher clean install"/><property name="java.home" value="/System/Library/Java/JavaVirtualMachines/1.6.0.jdk/Contents/Home"/><property name="sun.arch.data.model" value="64"/><property name="user.language" value="fr"/><property name="java.specification.vendor" value="Sun Microsystems Inc."/><property name="awt.toolkit" value="apple.awt.CToolkit"/><property name="java.vm.info" value="mixed mode"/><property name="java.version" value="1.6.0_33"/><property name="java.ext.dirs" value="/Library/Java/Extensions:/System/Library/Java/Extensions:/System/Library/Java/JavaVirtualMachines/1.6.0.jdk/Contents/Home/lib/ext"/><property name="sun.boot.class.path" value="/System/Library/Java/JavaVirtualMachines/1.6.0.jdk/Contents/Classes/jsfd.jar:/System/Library/Java/JavaVirtualMachines/1.6.0.jdk/Contents/Classes/classes.jar:/System/Library/Frameworks/JavaVM.framework/Frameworks/JavaRuntimeSupport.framework/Resources/Java/JavaRuntimeSupport.jar:/System/Library/Java/JavaVirtualMachines/1.6.0.jdk/Contents/Classes/ui.jar:/System/Library/Java/JavaVirtualMachines/1.6.0.jdk/Contents/Classes/laf.jar:/System/Library/Java/JavaVirtualMachines/1.6.0.jdk/Contents/Classes/sunrsasign.jar:/System/Library/Java/JavaVirtualMachines/1.6.0.jdk/Contents/Classes/jsse.jar:/System/Library/Java/JavaVirtualMachines/1.6.0.jdk/Contents/Classes/jce.jar:/System/Library/Java/JavaVirtualMachines/1.6.0.jdk/Contents/Classes/charsets.jar"/><property name="java.vendor" value="Apple Inc."/><property name="maven.home" value="/opt/local/share/java/maven3"/><property name="file.separator" value="/"/><property name="java.vendor.url.bug" value="http://bugreport.apple.com/"/><property name="sun.io.unicode.encoding" value="UnicodeLittle"/><property name="sun.cpu.endian" value="little"/><property name="mrj.version" value="1070.1.6.0_33-424"/><property name="socksNonProxyHosts" value="local|*.local|169.254/16|*.169.254/16"/><property name="ftp.nonProxyHosts" value="local|*.local|169.254/16|*.169.254/16"/><property name="sun.cpu.isalist" value=""/><property name="ro.product.manufacturer" value="samsung"/><property name="gsm.sim.operator.alpha" value="Free"/><property name="ril.rildSerial" value="yu2peyskzycodpwu8"/><property name="ro.rommanager.developerid" value="cyanogenmodnightly"/><property name="ro.debuggable" value="1"/><property name="ro.com.android.wifi-watchlist" value="GoogleGuest"/><property name="persist.sys.usb.config" value="mass_storage,adb"/><property name="init.svc.debuggerd" value="running"/><property name="ro.crypto.fs_flags" value="0x00000c06"/><property name="ril.pin_mode" value="0"/><property name="persist.sys.profiler_ms" value="0"/><property name="init.svc.gpsd" value="running"/><property name="system_init.startsurfaceflinger" value="0"/><property name="ro.crypto.fs_options" value="noauto_da_alloc"/><property name="ro.product.model" value="GT-I9000"/><property name="gsm.operator.iso-country" value="fr"/><property name="persist.sys.language" value="fr"/><property name="ril.initPB" value="1"/><property name="ro.factorytest" value="0"/><property name="ro.build.fingerprint" value="samsung/GT-I9000/GT-I9000:2.3.5/GINGERBREAD/XXJVT:user/release-keys"/><property name="ro.build.product" value="GT-I9000"/><property name="net.dnschange" value="1"/><property name="ril.IMEI" value="356531044021461"/><property name="ro.bootloader" value="unknown"/><property name="ril.model_id" value="I9000"/><property name="init.svc.vold" value="running"/><property name="keyguard.no_require_sim" value="true"/><property name="net.hostname" value="android-fa8350557968b6ff"/><property name="ro.build.version.sdk" value="15"/><property name="net.bt.name" value="Android"/><property name="net.pdp0.gw" value="10.97.84.1"/><property name="ro.telephony.ril_class" value="SamsungRIL"/><property name="sys.usb.config" value="mass_storage,adb"/><property name="ro.radio.noril" value="yes"/><property name="ro.bootmode" value="unknown"/><property name="ro.baseband" value="unknown"/><property name="ro.runtime.firstboot" value="1343365756714"/><property name="ro.build.host" value="cyanogenmod"/><property name="ro.build.display.id" value="cm_galaxysmtd-userdebug 4.0.4 IMM76I eng.jenkins.20120508.232232 test-keys"/><property name="ro.revision" value="48"/><property name="ril.sales_code" value="KOR"/><property name="sys.settings_system_version" value="19"/><property name="ro.cm.device" value="galaxysmtd"/><property name="ro.product.locale.region" value="US"/><property name="wifi.interface" value="wlan0"/><property name="gsm.operator.isroaming" value="true"/><property name="persist.sys.timezone" value="Europe/Paris"/><property name="gsm.operator.numeric" value="20801"/><property name="init.svc.bdaddr" value="stopped"/><property name="init.svc.dbus" value="running"/><property name="ril.prl_num" value="0"/><property name="ro.bt.bdaddr_path" value="/data/bdaddr"/><property name="ro.allow.mock.location" value="0"/><property name="ro.url.legal" value="http://www.google.com/intl/%s/mobile/android/basic/phone-legal.html"/><property name="ro.crypto.state" value="unencrypted"/><property name="ro.crypto.fs_type" value="ext4"/><property name="persist.service.adb.enable" value=""/><property name="dalvik.vm.heapstartsize" value="5m"/><property name="net.tcp.buffersize.wifi" value="524288,1048576,2097152,262144,524288,1048576"/><property name="persist.sys.root_access" value="3"/><property name="ril.ICC_TYPE" value="2"/><property name="init.svc.tvout" value="running"/><property name="ril.sw_ver" value="I9000XXJVU"/><property name="init.svc.geomagneticd" value="running"/><property name="persist.sys.localevar" value=""/><property name="ro.vold.umsdirtyratio" value="20"/><property name="gsm.version.baseband" value="I9000XXJVU"/><property name="ril.hw_ver" value="MP 1.500"/><property name="gsm.nitz.time" value="1343373885000"/><property name="ro.product.brand" value="samsung"/><property name="gsm.sim.operator.numeric" value="20815"/><property name="ril.bt_macaddr" value="8C71F8E3FF57"/><property name="ril.serialnumber" value="00000000000"/><property name="wifi.supplicant_scan_interval" value="20"/><property name="dalvik.vm.dexopt-data-only" value="1"/><property name="ro.config.notification_sound" value="CyanMessage.ogg"/><property name="ro.build.date.utc" value="1336544567"/><property name="ro.board.platform" value="s5pc110"/><property name="init.svc.bluetoothd" value="running"/><property name="ro.com.google.locationfeatures" value="1"/><property name="persist.sys.purgeable_assets" value="1"/><property name="ro.ril.hsxpa" value="1"/><property name="ro.product.locale.language" value="en"/><property name="ro.product.device" value="GT-I9000"/><property name="persist.sys.use_16bpp_alpha" value="1"/><property name="dev.bootcomplete" value="1"/><property name="ril.cid" value="00088f3f"/><property name="ro.setupwizard.enterprise_mode" value="1"/><property name="gsm.sim.state" value="READY"/><property name="ril.lac" value="6202"/><property name="init.svc.keystore" value="running"/><property name="gsm.defaultpdpcontext.active" value="true"/><property name="ril.IMSI" value="208150001660683"/><property name="ro.hardware" value="aries"/><property name="status.battery.level" value="5"/><property name="status.battery.level_scale" value="9"/><property name="persist.sys.ui.hw" value="false"/><property name="init.svc.netd" value="running"/><property name="ro.build.characteristics" value="default"/><property name="dalvik.vm.dexopt-flags" value="m=y"/><property name="ro.build.id" value="IMM76I"/><property name="ril.rfcal_date" value="2011.2.19"/><property name="ril.product_code" value="GT-I9000HKYKOR"/><property name="net.pdp0.dns2" value="212.27.40.241"/><property name="net.pdp0.dns1" value="212.27.40.240"/><property name="ro.com.android.dateformat" value="MM-dd-yyyy"/><property name="net.tcp.buffersize.lte" value="524288,1048576,2097152,262144,524288,1048576"/><property name="ril.RildInit" value="1"/><property name="net.tcp.buffersize.default" value="4096,87380,110208,4096,16384,110208"/><property name="net.tcp.buffersize.umts" value="4094,87380,110208,4096,16384,110208"/><property name="sys.usb.state" value="mass_storage,adb"/><property name="rild.libpath" value="/system/lib/libsec-ril.so"/><property name="sys.boot_completed" value="1"/><property name="ro.product.name" value="GT-I9000"/><property name="net.change" value="net.pdp0.gw"/><property name="ro.modversion" value="9-20120508-NIGHTLY-galaxysmtd"/><property name="ro.cm.version" value="9-20120508-NIGHTLY-galaxysmtd"/><property name="ro.config.alarm_alert" value="CyanAlarm.ogg"/><property name="ro.build.tags" value="test-keys"/><property name="ro.crypto.fs_mnt_point" value="/data"/><property name="status.battery.level_raw" value="50"/><property name="ro.com.google.networklocation" value="1"/><property name="persist.sys.vold.switchexternal" value="1"/><property name="gsm.STK_USER_SESSION" value="0"/><property name="gsm.version.ril-impl" value="Samsung RIL(IPC) v2.0"/><property name="ro.product.board" value="aries"/><property name="init.svc.drm" value="running"/><property name="ro.build.description" value="GT-I9000-user 2.3.5 GINGERBREAD XXJVT release-keys"/><property name="init.svc.media" value="running"/><property name="ro.build.version.codename" value="REL"/><property name="mobiledata.interfaces" value="pdp0,eth0,gprs,ppp0"/><property name="init.svc.aries-ril-daemon" value="running"/><property name="ro.product.cpu.abi" value="armeabi-v7a"/><property name="ro.emmc" value="0"/><property name="rild.libargs" value="-d /dev/ttyS0"/><property name="dalvik.vm.heapgrowthlimit" value="48m"/><property name="ro.sf.lcd_density" value="240"/><property name="init.svc.bootanim" value="stopped"/><property name="dalvik.vm.heapsize" value="128m"/><property name="dalvik.vm.stack-trace-file" value="/data/anr/traces.txt"/><property name="dalvik.vm.checkjni" value="false"/><property name="ro.com.google.clientidbase" value="android-google"/><property name="ro.adb.qemud" value="1"/><property name="net.tcp.buffersize.edge" value="4093,26280,35040,4096,16384,35040"/><property name="init.svc.surfaceflinger" value="running"/><property name="ro.serialno" value="3232BDC0059900EC"/><property name="persist.sys.country" value="FR"/><property name="ro.crypto.fs_real_blkdev" value="/dev/block/mmcblk0p2"/><property name="sys.cpufreq.restored" value="true"/><property name="net.tcp.buffersize.gprs" value="4092,8760,11680,4096,8760,11680"/><property name="ro.build.date" value="Tue May  8 23:22:47 PDT 2012"/><property name="ro.ril.gprsclass" value="10"/><property name="ro.com.android.dataroaming" value="false"/><property name="ro.build.version.release" value="4.0.4"/><property name="ro.vold.switchablepair" value="/mnt/emmc,/mnt/sdcard"/><property name="vold.post_fs_data_done" value="1"/><property name="ro.product.cpu.abi2" value="armeabi"/><property name="net.tcp.buffersize.hspa" value="4094,87380,262144,4096,16384,262144"/><property name="init.svc.zygote" value="running"/><property name="init.svc.hciattach" value="running"/><property name="ro.telephony.call_ring.multiple" value="0"/><property name="init.svc.servicemanager" value="running"/><property name="ro.url.legal.android_privacy" value="http://www.google.com/intl/%s/mobile/android/basic/privacy.html"/><property name="ro.telephony.ril.v3" value="icccardstatus,datacall,signalstrength,facilitylock"/><property name="gsm.current.phone-type" value="1"/><property name="ro.build.user" value="jenkins"/><property name="ro.opengles.version" value="131072"/><property name="init.svc.pvrsrvinit" value="stopped"/><property name="gsm.sim.operator.iso-country" value="fr"/><property name="ro.config.ringtone" value="CyanTone.ogg"/><property name="dalvik.vm.lockprof.threshold" value="500"/><property name="init.svc.installd" value="running"/><property name="ro.secure" value="1"/><property name="ro.carrier" value="unknown"/><property name="ro.build.type" value="userdebug"/><property name="ro.wifi.channels" value=""/><property name="ro.build.version.incremental" value="eng.jenkins.20120508.232232"/><property name="ro.crypto.keyfile.userdata" value="/efs/userdata_footer"/><property name="init.svc.adbd" value="running"/><property name="persist.sys.strictmode.visual" value=""/><property name="gsm.network.type" value="HSDPA:9"/><property name="gsm.operator.alpha" value="Orange F"/><property name="net.qtaguid_enabled" value="1"/><property name="net.dns2" value="212.27.40.241"/><property name="net.dns1" value="212.27.40.240"/><property name="status.battery.state" value="Slow"/><property name="init.svc.ril-daemon" value="stopped"/></properties><testcase classname="com.octo.android.rest.client.test.HelloAndroidTest" name="testActivity" time="1,8190"/><testcase classname="com.octo.android.rest.client.test.persistence.BinaryPersistenceManagerTest" name="test_canHandleInputStreams" time="0,7540"/><testcase classname="com.octo.android.rest.client.test.persistence.BinaryPersistenceManagerTest" name="test_loadDataFromCache" time="0,8050"/><testcase classname="com.octo.android.rest.client.test.persistence.BinaryPersistenceManagerTest" name="test_saveDataAndReturnData" time="0,8300"/><testcase classname="com.octo.android.rest.client.test.persistence.CreditStatusPersistenceManagerTest" name="test_canHandleClientRequestStatus" time="0,7550"/><testcase classname="com.octo.android.rest.client.test.persistence.CreditStatusPersistenceManagerTest" name="test_loadDataFromCache" time="1,1170"/><testcase classname="com.octo.android.rest.client.test.persistence.CreditStatusPersistenceManagerTest" name="test_saveDataAndReturnData" time="0,8560"/><testcase classname="com.octo.android.rest.client.test.persistence.StringPersistenceManagerTest" name="test_canHandleStrings" time="0,8050"/><testcase classname="com.octo.android.rest.client.test.persistence.StringPersistenceManagerTest" name="test_loadDataFromCache" time="0,8330"/><testcase classname="com.octo.android.rest.client.test.persistence.StringPersistenceManagerTest" name="test_saveDataAndReturnData" time="0,9310"/><testcase classname="com.octo.android.rest.client.test.request.SimpleTextRequestTest" name="test_loadDataFromCache" time="0,9620"/><testcase classname="com.octo.android.rest.client.test.request.SimpleTextRequestTest" name="test_loadDataFromNetwork" time="6,4140"/><testcase classname="com.octo.android.rest.client.test.request.SimpleTextRequestTest" name="test_saveDataAndReturnData" time="0,8320"/></testsuite></testsuites>